2025-05-12T20:35:49.762805+0200 | INFO | __main__:338 - Initial tsp solution lkh: [((50.147668332518805, 8.666132309606185), 'truck'), ((50.14721305727534, 8.66827645827173), 'truck'), ((50.14541029284123, 8.616449018150927), 'truck')]
2025-05-12T20:35:49.762882+0200 | DEBUG | __main__:34 - chromosome: (((50.147668332518805, 8.666132309606185), 'truck'), ((50.14721305727534, 8.66827645827173), 'truck'), ((50.14541029284123, 8.616449018150927), 'truck'))
2025-05-12T20:35:49.762918+0200 | DEBUG | __main__:37 - truck_indices: [0, 1, 2]
2025-05-12T20:35:49.762943+0200 | DEBUG | __main__:39 - m=3
2025-05-12T20:35:49.762964+0200 | DEBUG | __main__:44 - truck_indices [0, 1, 2]
2025-05-12T20:35:49.762984+0200 | INFO | __main__:50 - C [inf, inf, inf, inf]
2025-05-12T20:35:49.763002+0200 | INFO | __main__:56 - C[m] [0.0, inf, inf, inf]
2025-05-12T20:35:49.763019+0200 | DEBUG | __main__:63 - i_ 0
2025-05-12T20:35:49.763035+0200 | DEBUG | __main__:64 - k_ 1
2025-05-12T20:35:49.763053+0200 | DEBUG | __main__:63 - i_ 0
2025-05-12T20:35:49.763068+0200 | DEBUG | __main__:64 - k_ 2
2025-05-12T20:35:49.763086+0200 | DEBUG | __main__:63 - i_ 1
2025-05-12T20:35:49.763101+0200 | DEBUG | __main__:64 - k_ 2
2025-05-12T20:35:49.763117+0200 | DEBUG | __main__:90 - m = 3
2025-05-12T20:35:49.763132+0200 | INFO | __main__:94 - Start MT cycle
2025-05-12T20:35:49.763149+0200 | DEBUG | __main__:99 - Truck dist for MT: 160.95073135962954 between 0 and 1
2025-05-12T20:35:49.763165+0200 | DEBUG | __main__:100 - Truck time for MT: 16.095073135962956 between 0 and 1
2025-05-12T20:35:49.763182+0200 | DEBUG | __main__:99 - Truck dist for MT: 3549.1563739370426 between 0 and 2
2025-05-12T20:35:49.763197+0200 | DEBUG | __main__:100 - Truck time for MT: 354.9156373937043 between 0 and 2
2025-05-12T20:35:49.763212+0200 | INFO | __main__:107 - Start LL cycle
2025-05-12T20:35:49.763227+0200 | DEBUG | __main__:109 - i_chromosome 0
2025-05-12T20:35:49.763242+0200 | DEBUG | __main__:115 - i_=0
2025-05-12T20:35:49.763257+0200 | DEBUG | __main__:116 - k_=1
2025-05-12T20:35:49.763272+0200 | DEBUG | __main__:118 - k_chromosome 1
2025-05-12T20:35:49.763287+0200 | DEBUG | __main__:120 - available drones []
2025-05-12T20:35:49.763302+0200 | DEBUG | __main__:115 - i_=0
2025-05-12T20:35:49.763317+0200 | DEBUG | __main__:116 - k_=2
2025-05-12T20:35:49.763332+0200 | DEBUG | __main__:118 - k_chromosome 2
2025-05-12T20:35:49.763347+0200 | DEBUG | __main__:85 - j: 1
2025-05-12T20:35:49.763362+0200 | DEBUG | __main__:120 - available drones []
2025-05-12T20:35:49.763379+0200 | DEBUG | __main__:115 - i_=0
2025-05-12T20:35:49.763393+0200 | DEBUG | __main__:116 - k_=3
2025-05-12T20:35:49.763408+0200 | DEBUG | __main__:118 - k_chromosome 3
2025-05-12T20:35:49.763422+0200 | DEBUG | __main__:85 - j: 1
2025-05-12T20:35:49.763436+0200 | DEBUG | __main__:85 - j: 2
2025-05-12T20:35:49.763451+0200 | DEBUG | __main__:120 - available drones []
2025-05-12T20:35:49.763468+0200 | DEBUG | __main__:173 - C_MT [16.095073135962956, inf, inf, inf] for i=0
2025-05-12T20:35:49.763485+0200 | DEBUG | __main__:174 - C_LL [0.0, inf, inf, inf] for i=0
2025-05-12T20:35:49.763502+0200 | INFO | __main__:179 - C_LL[i_] <= C_MT[i_] False
2025-05-12T20:35:49.763519+0200 | DEBUG | __main__:180 - C_LL[i_] > C_MT[i_] True
2025-05-12T20:35:49.763536+0200 | DEBUG | __main__:182 - for I=0: 
C_MT=[16.095073135962956, inf, inf, inf]
C_LL=[inf, inf, inf, inf]
2025-05-12T20:35:49.763553+0200 | INFO | __main__:189 - C_MT chosen for next i=1
2025-05-12T20:35:49.763568+0200 | INFO | __main__:94 - Start MT cycle
2025-05-12T20:35:49.763584+0200 | DEBUG | __main__:99 - Truck dist for MT: 3698.502682569611 between 1 and 2
2025-05-12T20:35:49.763599+0200 | DEBUG | __main__:100 - Truck time for MT: 385.94534139292404 between 1 and 2
2025-05-12T20:35:49.763614+0200 | INFO | __main__:107 - Start LL cycle
2025-05-12T20:35:49.763628+0200 | DEBUG | __main__:109 - i_chromosome 1
2025-05-12T20:35:49.763643+0200 | DEBUG | __main__:115 - i_=1
2025-05-12T20:35:49.763660+0200 | DEBUG | __main__:116 - k_=2
2025-05-12T20:35:49.763675+0200 | DEBUG | __main__:118 - k_chromosome 2
2025-05-12T20:35:49.763695+0200 | DEBUG | __main__:120 - available drones []
2025-05-12T20:35:49.763710+0200 | DEBUG | __main__:115 - i_=1
2025-05-12T20:35:49.763724+0200 | DEBUG | __main__:116 - k_=3
2025-05-12T20:35:49.763739+0200 | DEBUG | __main__:118 - k_chromosome 3
2025-05-12T20:35:49.763754+0200 | DEBUG | __main__:85 - j: 2
2025-05-12T20:35:49.763769+0200 | DEBUG | __main__:120 - available drones []
2025-05-12T20:35:49.763786+0200 | DEBUG | __main__:173 - C_MT [16.095073135962956, 385.94534139292404, inf, inf] for i=1
2025-05-12T20:35:49.763802+0200 | DEBUG | __main__:174 - C_LL [inf, inf, inf, inf] for i=1
2025-05-12T20:35:49.763818+0200 | INFO | __main__:179 - C_LL[i_] <= C_MT[i_] False
2025-05-12T20:35:49.763834+0200 | DEBUG | __main__:180 - C_LL[i_] > C_MT[i_] True
2025-05-12T20:35:49.763852+0200 | DEBUG | __main__:182 - for I=1: 
C_MT=[16.095073135962956, 385.94534139292404, inf, inf]
C_LL=[inf, inf, inf, inf]
2025-05-12T20:35:49.763868+0200 | INFO | __main__:189 - C_MT chosen for next i=2
2025-05-12T20:35:49.763885+0200 | DEBUG | __main__:199 - Choice: [('MT', 1), ('MT', 2), None, ('END', None)]
2025-05-12T20:35:49.763903+0200 | DEBUG | __main__:238 - makespan 0.0: flight_map: {}
2025-05-12T20:35:49.763920+0200 | INFO | __main__:291 - Makespan: 0.0, Feasibility: feasible, fitness_value: 0.0, flight_map: {}
2025-05-12T20:35:49.763953+0200 | INFO | __main__:366 - [((50.147668332518805, 8.666132309606185), 'truck'), ((50.14721305727534, 8.66827645827173), 'drone'), ((50.14541029284123, 8.616449018150927), 'truck')]
2025-05-12T20:35:49.763975+0200 | DEBUG | __main__:453 - (((50.147668332518805, 8.666132309606185), 'truck'), ((50.14721305727534, 8.66827645827173), 'drone'), ((50.14541029284123, 8.616449018150927), 'truck'))
2025-05-12T20:35:49.764095+0200 | DEBUG | __main__:34 - chromosome: (((50.147668332518805, 8.666132309606185), 'truck'), ((50.14721305727534, 8.66827645827173), 'drone'), ((50.14541029284123, 8.616449018150927), 'truck'))
2025-05-12T20:35:49.764113+0200 | DEBUG | __main__:37 - truck_indices: [0, 2]
2025-05-12T20:35:49.764128+0200 | DEBUG | __main__:39 - m=2
2025-05-12T20:35:49.764146+0200 | DEBUG | __main__:44 - truck_indices [0, 2]
2025-05-12T20:35:49.764162+0200 | INFO | __main__:50 - C [inf, inf, inf]
2025-05-12T20:35:49.764178+0200 | INFO | __main__:56 - C[m] [0.0, inf, inf]
2025-05-12T20:35:49.764193+0200 | DEBUG | __main__:63 - i_ 0
2025-05-12T20:35:49.764207+0200 | DEBUG | __main__:64 - k_ 1
2025-05-12T20:35:49.764223+0200 | DEBUG | __main__:90 - m = 2
2025-05-12T20:35:49.764238+0200 | INFO | __main__:94 - Start MT cycle
2025-05-12T20:35:49.764254+0200 | DEBUG | __main__:99 - Truck dist for MT: 3549.1563739370426 between 0 and 1
2025-05-12T20:35:49.764270+0200 | DEBUG | __main__:100 - Truck time for MT: 354.9156373937043 between 0 and 1
2025-05-12T20:35:49.764285+0200 | INFO | __main__:107 - Start LL cycle
2025-05-12T20:35:49.764299+0200 | DEBUG | __main__:109 - i_chromosome 0
2025-05-12T20:35:49.764314+0200 | DEBUG | __main__:115 - i_=0
2025-05-12T20:35:49.764329+0200 | DEBUG | __main__:116 - k_=1
2025-05-12T20:35:49.764345+0200 | DEBUG | __main__:118 - k_chromosome 2
2025-05-12T20:35:49.764359+0200 | DEBUG | __main__:85 - j: 1
2025-05-12T20:35:49.764374+0200 | DEBUG | __main__:120 - available drones [1]
2025-05-12T20:35:49.764393+0200 | DEBUG | __main__:146 - Truck dist for LL: 3549.1563739370426 between 0 and 1
2025-05-12T20:35:49.764409+0200 | DEBUG | __main__:147 - Truck time for LL: 354.9156373937043 between 0 and 1
2025-05-12T20:35:49.764425+0200 | DEBUG | __main__:149 - Drone dist for LL: 3859.4534139292405 between 0 and 1
2025-05-12T20:35:49.764443+0200 | DEBUG | __main__:150 - launch -> drone: (50.147668332518805, 8.666132309606185) -> (50.14721305727534, 8.66827645827173) = 160.95073135962954
2025-05-12T20:35:49.764461+0200 | DEBUG | __main__:151 - drone -> land: (50.14721305727534, 8.66827645827173) -> (50.14541029284123, 8.616449018150927) = 3698.502682569611
2025-05-12T20:35:49.764477+0200 | DEBUG | __main__:152 - Drone time for LL: 192.97267069646202 between 0 and 1
2025-05-12T20:35:49.764497+0200 | DEBUG | __main__:163 - segtime 354.9156373937043
2025-05-12T20:35:49.764513+0200 | DEBUG | __main__:164 - C[0]=0.0
2025-05-12T20:35:49.764529+0200 | DEBUG | __main__:166 - val 354.9156373937043
2025-05-12T20:35:49.764545+0200 | DEBUG | __main__:167 - best_val_ll inf
2025-05-12T20:35:49.764560+0200 | DEBUG | __main__:168 - True
2025-05-12T20:35:49.764576+0200 | DEBUG | __main__:170 - val<best_val_ll
2025-05-12T20:35:49.764590+0200 | DEBUG | __main__:115 - i_=0
2025-05-12T20:35:49.764605+0200 | DEBUG | __main__:116 - k_=2
2025-05-12T20:35:49.764620+0200 | DEBUG | __main__:118 - k_chromosome 3
2025-05-12T20:35:49.764633+0200 | DEBUG | __main__:85 - j: 1
2025-05-12T20:35:49.764647+0200 | DEBUG | __main__:85 - j: 2
2025-05-12T20:35:49.764662+0200 | DEBUG | __main__:120 - available drones [1]
2025-05-12T20:35:49.764681+0200 | DEBUG | __main__:146 - Truck dist for LL: inf between 0 and 2
2025-05-12T20:35:49.764697+0200 | DEBUG | __main__:147 - Truck time for LL: inf between 0 and 2
2025-05-12T20:35:49.764713+0200 | DEBUG | __main__:149 - Drone dist for LL: 321.9014627192591 between 0 and 2
2025-05-12T20:35:49.764730+0200 | DEBUG | __main__:150 - launch -> drone: (50.147668332518805, 8.666132309606185) -> (50.14721305727534, 8.66827645827173) = 160.95073135962954
2025-05-12T20:35:49.764748+0200 | DEBUG | __main__:151 - drone -> land: (50.14721305727534, 8.66827645827173) -> (50.147668332518805, 8.666132309606185) = 160.95073135962954
2025-05-12T20:35:49.764765+0200 | DEBUG | __main__:152 - Drone time for LL: 16.095073135962956 between 0 and 2
2025-05-12T20:35:49.764780+0200 | DEBUG | __main__:163 - segtime inf
2025-05-12T20:35:49.764796+0200 | DEBUG | __main__:164 - C[0]=0.0
2025-05-12T20:35:49.764812+0200 | DEBUG | __main__:166 - val inf
2025-05-12T20:35:49.764828+0200 | DEBUG | __main__:167 - best_val_ll 354.9156373937043
2025-05-12T20:35:49.764843+0200 | DEBUG | __main__:168 - False
2025-05-12T20:35:49.764861+0200 | DEBUG | __main__:173 - C_MT [354.9156373937043, inf, inf] for i=0
2025-05-12T20:35:49.764877+0200 | DEBUG | __main__:174 - C_LL [0.0, inf, inf] for i=0
2025-05-12T20:35:49.764893+0200 | INFO | __main__:179 - C_LL[i_] <= C_MT[i_] True
2025-05-12T20:35:49.764909+0200 | DEBUG | __main__:180 - C_LL[i_] > C_MT[i_] False
2025-05-12T20:35:49.764926+0200 | DEBUG | __main__:182 - for I=0: 
C_MT=[354.9156373937043, inf, inf]
C_LL=[354.9156373937043, inf, inf]
2025-05-12T20:35:49.764942+0200 | INFO | __main__:185 - C_LL chosen for next i=1
2025-05-12T20:35:49.764960+0200 | DEBUG | __main__:199 - Choice: [('LL', 1, 1), None, ('END', None)]
2025-05-12T20:35:49.764979+0200 | DEBUG | __main__:238 - makespan 0.0: flight_map: {1: (0, 2)}
2025-05-12T20:35:49.764995+0200 | INFO | __main__:261 - (50.14721305727534, 8.66827645827173)
2025-05-12T20:35:49.765011+0200 | INFO | __main__:262 - (50.147668332518805, 8.666132309606185)
2025-05-12T20:35:49.765026+0200 | INFO | __main__:263 - (50.14541029284123, 8.616449018150927)
2025-05-12T20:35:49.765046+0200 | INFO | __main__:291 - Makespan: 0.0, Feasibility: feasible, fitness_value: 0.0, flight_map: {1: (0, 2)}
2025-05-12T20:35:49.765062+0200 | INFO | __main__:294 - DRONE USED: drone #1 from truck #0 to #2
2025-05-12T20:35:49.765083+0200 | INFO | __main__:478 - Generation 0: Best fitness = inf, Feasible = 1, Type1 = 0, Type2 = 0
2025-05-12T20:35:49.765099+0200 | DEBUG | __main__:484 - 1
2025-05-12T20:35:49.765116+0200 | INFO | __main__:681 - Optimal route: (None, None)
2025-05-12T20:35:49.765131+0200 | DEBUG | __main__:684 - chromoseom None
2025-05-12T20:35:49.765146+0200 | DEBUG | __main__:34 - chromosome: None
